#
# There is insufficient memory for the Java Runtime Environment to continue.
# Native memory allocation (malloc) failed to allocate 689296 bytes. Error detail: Chunk::new
# Possible reasons:
#   The system is out of physical RAM or swap space
#   This process is running with CompressedOops enabled, and the Java Heap may be blocking the growth of the native heap
# Possible solutions:
#   Reduce memory load on the system
#   Increase physical memory or swap space
#   Check if swap backing store is full
#   Decrease Java heap size (-Xmx/-Xms)
#   Decrease number of Java threads
#   Decrease Java thread stack sizes (-Xss)
#   Set larger code cache with -XX:ReservedCodeCacheSize=
#   JVM is running with Unscaled Compressed Oops mode in which the Java heap is
#     placed in the first 4GB address space. The Java Heap base address is the
#     maximum limit for the native heap growth. Please use -XX:HeapBaseMinAddress
#     to set the Java Heap base and to place the Java Heap above 4GB virtual address.
# This output file may be truncated or incomplete.
#
#  Out of Memory Error (arena.cpp:191), pid=34888, tid=5248
#
# JRE version: OpenJDK Runtime Environment Temurin-17.0.13+11 (17.0.13+11) (build 17.0.13+11)
# Java VM: OpenJDK 64-Bit Server VM Temurin-17.0.13+11 (17.0.13+11, mixed mode, tiered, compressed oops, compressed class ptrs, parallel gc, windows-amd64)
# No core dump will be written. Minidumps are not enabled by default on client versions of Windows
#

---------------  S U M M A R Y ------------

Command Line: --add-modules=ALL-SYSTEM --add-opens=java.base/java.util=ALL-UNNAMED --add-opens=java.base/java.lang=ALL-UNNAMED --add-opens=java.base/sun.nio.fs=ALL-UNNAMED -Declipse.application=org.eclipse.jdt.ls.core.id1 -Dosgi.bundles.defaultStartLevel=4 -Declipse.product=org.eclipse.jdt.ls.core.product -Djava.import.generatesMetadataFilesAtProjectRoot=false -DDetectVMInstallationsJob.disabled=true -Dfile.encoding=utf8 -XX:+UseParallelGC -XX:GCTimeRatio=4 -XX:AdaptiveSizePolicyWeight=90 -Dsun.zip.disableMemoryMapping=true -Xmx1G -Xms100m -Xlog:disable -javaagent:c:\Users\leomuch\.vscode\extensions\redhat.java-1.37.0-win32-x64\lombok\lombok-1.18.34.jar -XX:+HeapDumpOnOutOfMemoryError -XX:HeapDumpPath=c:\Users\leomuch\AppData\Roaming\Code\User\workspaceStorage\36876748ff2aba7054f9c727af998e98\redhat.java -Daether.dependencyCollector.impl=bf c:\Users\leomuch\.vscode\extensions\redhat.java-1.37.0-win32-x64\server\plugins\org.eclipse.equinox.launcher_1.6.900.v20240613-2009.jar -configuration c:\Users\leomuch\AppData\Roaming\Code\User\globalStorage\redhat.java\1.37.0\config_win -data c:\Users\leomuch\AppData\Roaming\Code\User\workspaceStorage\36876748ff2aba7054f9c727af998e98\redhat.java\jdt_ws --pipe=\\.\pipe\lsp-36efbf725de454c05d57a67150e5cb63-sock

Host: AMD Ryzen 7 5800HS with Radeon Graphics        , 16 cores, 15G,  Windows 11 , 64 bit Build 22621 (10.0.22621.4391)
Time: Fri Dec  6 23:24:58 2024 Malay Peninsula Standard Time elapsed time: 90.154572 seconds (0d 0h 1m 30s)

---------------  T H R E A D  ---------------

Current thread (0x0000026ae7acfc10):  JavaThread "C2 CompilerThread2" daemon [_thread_in_native, id=5248, stack(0x000000e358000000,0x000000e358100000)]


Current CompileTask:
C2:  90154 7499       4       org.eclipse.osgi.internal.loader.ModuleClassLoader::toString (80 bytes)

Stack: [0x000000e358000000,0x000000e358100000]
Native frames: (J=compiled Java code, j=interpreted, Vv=VM code, C=native code)
V  [jvm.dll+0x682a19]
V  [jvm.dll+0x839538]
V  [jvm.dll+0x83afe3]
V  [jvm.dll+0x83b653]
V  [jvm.dll+0x24704f]
V  [jvm.dll+0xace34]
V  [jvm.dll+0xad4cc]
V  [jvm.dll+0x36592f]
V  [jvm.dll+0x32fbd8]
V  [jvm.dll+0x32f05a]
V  [jvm.dll+0x21804f]
V  [jvm.dll+0x21748f]
V  [jvm.dll+0x1a3070]
V  [jvm.dll+0x22788c]
V  [jvm.dll+0x2259eb]
V  [jvm.dll+0x7eec98]
V  [jvm.dll+0x7e8ffc]
V  [jvm.dll+0x6818f7]
C  [ucrtbase.dll+0x29333]
C  [KERNEL32.DLL+0x1259d]
C  [ntdll.dll+0x5af38]


---------------  P R O C E S S  ---------------

Threads class SMR info:
_java_thread_list=0x0000026ae4e5a060, length=58, elements={
0x0000026ac8673230, 0x0000026adc4f4fe0, 0x0000026adc4f9070, 0x0000026adc4fbfe0,
0x0000026adc4fc9b0, 0x0000026ae1670f10, 0x0000026ae1675fa0, 0x0000026ae16782f0,
0x0000026ae167dec0, 0x0000026ae167efb0, 0x0000026ae1777000, 0x0000026ae3835cc0,
0x0000026ae3f8e6f0, 0x0000026ae3712090, 0x0000026ae426ed50, 0x0000026ae429fe80,
0x0000026ae3ddcaf0, 0x0000026ae3d6bda0, 0x0000026ae3d6c7c0, 0x0000026ae3d6ccd0,
0x0000026ae3d6b890, 0x0000026ae3d6d1e0, 0x0000026ae3d6e110, 0x0000026ae3d6eb30,
0x0000026ae3d6d6f0, 0x0000026ae3d6f040, 0x0000026ae3d6dc00, 0x0000026ae4c661d0,
0x0000026ae4c6c710, 0x0000026ae4c68540, 0x0000026ae4c6d130, 0x0000026ae4c65cc0,
0x0000026ae4c69980, 0x0000026ae4c6d640, 0x0000026ae4c67610, 0x0000026ae4c666e0,
0x0000026ae4c6cc20, 0x0000026ae4c66bf0, 0x0000026ae4c69e90, 0x0000026ae4c69470,
0x0000026ae4c6a3a0, 0x0000026ae4c68a50, 0x0000026ae4c67b20, 0x0000026ae4c68f60,
0x0000026ae4c6b2d0, 0x0000026ae4c68030, 0x0000026ae4c6c200, 0x0000026ae3d6e620,
0x0000026ae3d6c2b0, 0x0000026ae4c67100, 0x0000026ae4599670, 0x0000026ae4598230,
0x0000026ae4599160, 0x0000026ae45968e0, 0x0000026ae7724c20, 0x0000026ae4597d20,
0x0000026ae4597300, 0x0000026ae7acfc10
}

Java Threads: ( => current thread )
  0x0000026ac8673230 JavaThread "main" [_thread_blocked, id=7380, stack(0x000000e353800000,0x000000e353900000)]
  0x0000026adc4f4fe0 JavaThread "Reference Handler" daemon [_thread_blocked, id=25680, stack(0x000000e353b00000,0x000000e353c00000)]
  0x0000026adc4f9070 JavaThread "Finalizer" daemon [_thread_blocked, id=16168, stack(0x000000e353c00000,0x000000e353d00000)]
  0x0000026adc4fbfe0 JavaThread "Signal Dispatcher" daemon [_thread_blocked, id=23592, stack(0x000000e353d00000,0x000000e353e00000)]
  0x0000026adc4fc9b0 JavaThread "Attach Listener" daemon [_thread_blocked, id=35520, stack(0x000000e353e00000,0x000000e353f00000)]
  0x0000026ae1670f10 JavaThread "Service Thread" daemon [_thread_blocked, id=34476, stack(0x000000e353f00000,0x000000e354000000)]
  0x0000026ae1675fa0 JavaThread "Monitor Deflation Thread" daemon [_thread_blocked, id=35668, stack(0x000000e354000000,0x000000e354100000)]
  0x0000026ae16782f0 JavaThread "C2 CompilerThread0" daemon [_thread_blocked, id=24596, stack(0x000000e354100000,0x000000e354200000)]
  0x0000026ae167dec0 JavaThread "C1 CompilerThread0" daemon [_thread_blocked, id=30080, stack(0x000000e354200000,0x000000e354300000)]
  0x0000026ae167efb0 JavaThread "Sweeper thread" daemon [_thread_blocked, id=30820, stack(0x000000e354300000,0x000000e354400000)]
  0x0000026ae1777000 JavaThread "Common-Cleaner" daemon [_thread_blocked, id=34780, stack(0x000000e354400000,0x000000e354500000)]
  0x0000026ae3835cc0 JavaThread "Notification Thread" daemon [_thread_blocked, id=32712, stack(0x000000e354900000,0x000000e354a00000)]
  0x0000026ae3f8e6f0 JavaThread "Active Thread: Equinox Container: 6b71fa2d-bced-4c6e-8537-8edb500810f6" [_thread_blocked, id=29188, stack(0x000000e355000000,0x000000e355100000)]
  0x0000026ae3712090 JavaThread "Refresh Thread: Equinox Container: 6b71fa2d-bced-4c6e-8537-8edb500810f6" daemon [_thread_blocked, id=32684, stack(0x000000e354600000,0x000000e354700000)]
  0x0000026ae426ed50 JavaThread "Framework Event Dispatcher: Equinox Container: 6b71fa2d-bced-4c6e-8537-8edb500810f6" daemon [_thread_blocked, id=17232, stack(0x000000e355100000,0x000000e355200000)]
  0x0000026ae429fe80 JavaThread "Start Level: Equinox Container: 6b71fa2d-bced-4c6e-8537-8edb500810f6" daemon [_thread_blocked, id=32640, stack(0x000000e355200000,0x000000e355300000)]
  0x0000026ae3ddcaf0 JavaThread "Bundle File Closer" daemon [_thread_blocked, id=13444, stack(0x000000e354500000,0x000000e354600000)]
  0x0000026ae3d6bda0 JavaThread "SCR Component Actor" daemon [_thread_blocked, id=7472, stack(0x000000e355400000,0x000000e355500000)]
  0x0000026ae3d6c7c0 JavaThread "Worker-JM" [_thread_blocked, id=32776, stack(0x000000e355a00000,0x000000e355b00000)]
  0x0000026ae3d6ccd0 JavaThread "Worker-0" [_thread_blocked, id=26004, stack(0x000000e355b00000,0x000000e355c00000)]
  0x0000026ae3d6b890 JavaThread "Worker-1" [_thread_blocked, id=13228, stack(0x000000e355c00000,0x000000e355d00000)]
  0x0000026ae3d6d1e0 JavaThread "Java indexing" daemon [_thread_blocked, id=37376, stack(0x000000e355e00000,0x000000e355f00000)]
  0x0000026ae3d6e110 JavaThread "Worker-2" [_thread_blocked, id=2264, stack(0x000000e355f00000,0x000000e356000000)]
  0x0000026ae3d6eb30 JavaThread "Worker-3" [_thread_blocked, id=31592, stack(0x000000e356000000,0x000000e356100000)]
  0x0000026ae3d6d6f0 JavaThread "JNA Cleaner" daemon [_thread_blocked, id=29512, stack(0x000000e356100000,0x000000e356200000)]
  0x0000026ae3d6f040 JavaThread "Thread-2" daemon [_thread_in_native, id=27880, stack(0x000000e356200000,0x000000e356300000)]
  0x0000026ae3d6dc00 JavaThread "Thread-3" daemon [_thread_in_native, id=36724, stack(0x000000e356300000,0x000000e356400000)]
  0x0000026ae4c661d0 JavaThread "Thread-4" daemon [_thread_in_native, id=20088, stack(0x000000e356400000,0x000000e356500000)]
  0x0000026ae4c6c710 JavaThread "Thread-5" daemon [_thread_in_native, id=17200, stack(0x000000e356500000,0x000000e356600000)]
  0x0000026ae4c68540 JavaThread "Thread-6" daemon [_thread_in_native, id=9380, stack(0x000000e356600000,0x000000e356700000)]
  0x0000026ae4c6d130 JavaThread "Thread-7" daemon [_thread_in_native, id=30088, stack(0x000000e356700000,0x000000e356800000)]
  0x0000026ae4c65cc0 JavaThread "Thread-8" daemon [_thread_in_native, id=23828, stack(0x000000e356800000,0x000000e356900000)]
  0x0000026ae4c69980 JavaThread "Thread-9" daemon [_thread_in_native, id=3048, stack(0x000000e356900000,0x000000e356a00000)]
  0x0000026ae4c6d640 JavaThread "Thread-10" daemon [_thread_in_native, id=36908, stack(0x000000e356a00000,0x000000e356b00000)]
  0x0000026ae4c67610 JavaThread "Thread-11" daemon [_thread_in_native, id=28948, stack(0x000000e356b00000,0x000000e356c00000)]
  0x0000026ae4c666e0 JavaThread "Thread-12" daemon [_thread_in_native, id=15244, stack(0x000000e356c00000,0x000000e356d00000)]
  0x0000026ae4c6cc20 JavaThread "Thread-13" daemon [_thread_in_native, id=34680, stack(0x000000e356d00000,0x000000e356e00000)]
  0x0000026ae4c66bf0 JavaThread "Thread-14" daemon [_thread_in_native, id=23292, stack(0x000000e356e00000,0x000000e356f00000)]
  0x0000026ae4c69e90 JavaThread "Thread-15" daemon [_thread_in_native, id=1816, stack(0x000000e356f00000,0x000000e357000000)]
  0x0000026ae4c69470 JavaThread "Thread-16" daemon [_thread_in_native, id=13428, stack(0x000000e357000000,0x000000e357100000)]
  0x0000026ae4c6a3a0 JavaThread "Thread-17" daemon [_thread_in_native, id=3824, stack(0x000000e357100000,0x000000e357200000)]
  0x0000026ae4c68a50 JavaThread "Thread-18" daemon [_thread_in_native, id=26472, stack(0x000000e357200000,0x000000e357300000)]
  0x0000026ae4c67b20 JavaThread "pool-2-thread-1" [_thread_blocked, id=28244, stack(0x000000e357300000,0x000000e357400000)]
  0x0000026ae4c68f60 JavaThread "WorkspaceEventsHandler" [_thread_blocked, id=25368, stack(0x000000e357400000,0x000000e357500000)]
  0x0000026ae4c6b2d0 JavaThread "pool-1-thread-1" [_thread_blocked, id=34420, stack(0x000000e357500000,0x000000e357600000)]
  0x0000026ae4c68030 JavaThread "Timer-0" [_thread_blocked, id=34252, stack(0x000000e357700000,0x000000e357800000)]
  0x0000026ae4c6c200 JavaThread "Exec process" [_thread_blocked, id=5592, stack(0x000000e357900000,0x000000e357a00000)]
  0x0000026ae3d6e620 JavaThread "Exec process Thread 2" [_thread_blocked, id=4632, stack(0x000000e357a00000,0x000000e357b00000)]
  0x0000026ae3d6c2b0 JavaThread "Exec process Thread 3" [_thread_blocked, id=29492, stack(0x000000e357b00000,0x000000e357c00000)]
  0x0000026ae4c67100 JavaThread "Timer-1" [_thread_blocked, id=24832, stack(0x000000e357800000,0x000000e357900000)]
  0x0000026ae4599670 JavaThread "Timer-2" [_thread_blocked, id=2760, stack(0x000000e357c00000,0x000000e357d00000)]
  0x0000026ae4598230 JavaThread "ForkJoinPool.commonPool-worker-1" daemon [_thread_blocked, id=18928, stack(0x000000e357e00000,0x000000e357f00000)]
  0x0000026ae4599160 JavaThread "ForkJoinPool.commonPool-worker-2" daemon [_thread_blocked, id=30304, stack(0x000000e357f00000,0x000000e358000000)]
  0x0000026ae45968e0 JavaThread "pool-3-thread-1" [_thread_blocked, id=16644, stack(0x000000e353500000,0x000000e353600000)]
  0x0000026ae7724c20 JavaThread "C2 CompilerThread1" daemon [_thread_blocked, id=14020, stack(0x000000e353600000,0x000000e353700000)]
  0x0000026ae4597d20 JavaThread "Framework stop - Equinox Container: 6b71fa2d-bced-4c6e-8537-8edb500810f6" [_thread_blocked, id=25280, stack(0x000000e353700000,0x000000e353800000)]
  0x0000026ae4597300 JavaThread "SCR Component Registry" daemon [_thread_blocked, id=19848, stack(0x000000e357d00000,0x000000e357e00000)]
=>0x0000026ae7acfc10 JavaThread "C2 CompilerThread2" daemon [_thread_in_native, id=5248, stack(0x000000e358000000,0x000000e358100000)]

Other Threads:
  0x0000026adc4e1850 VMThread "VM Thread" [stack: 0x000000e353a00000,0x000000e353b00000] [id=11436]
  0x0000026ae38361a0 WatcherThread [stack: 0x000000e354a00000,0x000000e354b00000] [id=28092]
  0x0000026ac86879b0 GCTaskThread "GC Thread#0" [stack: 0x000000e353900000,0x000000e353a00000] [id=27260]
  0x0000026ae3c58d50 GCTaskThread "GC Thread#1" [stack: 0x000000e354b00000,0x000000e354c00000] [id=4532]
  0x0000026ae3c537e0 GCTaskThread "GC Thread#2" [stack: 0x000000e354c00000,0x000000e354d00000] [id=16428]
  0x0000026ae3c53aa0 GCTaskThread "GC Thread#3" [stack: 0x000000e354d00000,0x000000e354e00000] [id=3096]
  0x0000026ae3ee9740 GCTaskThread "GC Thread#4" [stack: 0x000000e354e00000,0x000000e354f00000] [id=24036]
  0x0000026ae3ee9a00 GCTaskThread "GC Thread#5" [stack: 0x000000e354f00000,0x000000e355000000] [id=28708]
  0x0000026ae4266d80 GCTaskThread "GC Thread#6" [stack: 0x000000e354700000,0x000000e354800000] [id=34440]
  0x0000026ae4267040 GCTaskThread "GC Thread#7" [stack: 0x000000e354800000,0x000000e354900000] [id=6664]
  0x0000026ae3f5fb90 GCTaskThread "GC Thread#8" [stack: 0x000000e355300000,0x000000e355400000] [id=13616]
  0x0000026ae176eba0 GCTaskThread "GC Thread#9" [stack: 0x000000e355700000,0x000000e355800000] [id=36560]
  0x0000026ae189e090 GCTaskThread "GC Thread#10" [stack: 0x000000e355800000,0x000000e355900000] [id=26172]
  0x0000026ae189e760 GCTaskThread "GC Thread#11" [stack: 0x000000e355900000,0x000000e355a00000] [id=30700]
  0x0000026ae16ec950 GCTaskThread "GC Thread#12" [stack: 0x000000e355d00000,0x000000e355e00000] [id=27452]

Threads with active compile tasks:
C2 CompilerThread2    90189 7499       4       org.eclipse.osgi.internal.loader.ModuleClassLoader::toString (80 bytes)

VM state: not at safepoint (normal execution)

VM Mutex/Monitor currently owned by a thread: None

Heap address: 0x00000000c0000000, size: 1024 MB, Compressed Oops mode: 32-bit

CDS archive(s) not mapped
Compressed class space mapped at: 0x0000000100000000-0x0000000140000000, reserved size: 1073741824
Narrow klass base: 0x0000000000000000, Narrow klass shift: 3, Narrow klass range: 0x140000000

GC Precious Log:
 CPUs: 16 total, 16 available
 Memory: 15773M
 Large Page Support: Disabled
 NUMA Support: Disabled
 Compressed Oops: Enabled (32-bit)
 Alignments: Space 512K, Generation 512K, Heap 2M
 Heap Min Capacity: 100M
 Heap Initial Capacity: 100M
 Heap Max Capacity: 1G
 Pre-touch: Disabled
 Parallel Workers: 13

Heap:
 PSYoungGen      total 14336K, used 4411K [0x00000000eab00000, 0x00000000ebd80000, 0x0000000100000000)
  eden space 13824K, 28% used [0x00000000eab00000,0x00000000eaed0fb0,0x00000000eb880000)
  from space 512K, 98% used [0x00000000ebd00000,0x00000000ebd7dfc8,0x00000000ebd80000)
  to   space 1024K, 0% used [0x00000000ebb80000,0x00000000ebb80000,0x00000000ebc80000)
 ParOldGen       total 68608K, used 37640K [0x00000000c0000000, 0x00000000c4300000, 0x00000000eab00000)
  object space 68608K, 54% used [0x00000000c0000000,0x00000000c24c2270,0x00000000c4300000)
 Metaspace       used 66045K, committed 67072K, reserved 1114112K
  class space    used 7670K, committed 8128K, reserved 1048576K

Card table byte_map: [0x0000026ac8000000,0x0000026ac8210000] _byte_map_base: 0x0000026ac7a00000

Marking Bits: (ParMarkBitMap*) 0x00007ffaf5936940
 Begin Bits: [0x0000026ada300000, 0x0000026adb300000)
 End Bits:   [0x0000026adb300000, 0x0000026adc300000)

Polling page: 0x0000026ac6440000

Metaspace:

Usage:
  Non-class:     57.01 MB used.
      Class:      7.49 MB used.
       Both:     64.50 MB used.

Virtual space:
  Non-class space:       64.00 MB reserved,      57.56 MB ( 90%) committed,  1 nodes.
      Class space:        1.00 GB reserved,       7.94 MB ( <1%) committed,  1 nodes.
             Both:        1.06 GB reserved,      65.50 MB (  6%) committed. 

Chunk freelists:
   Non-Class:  6.29 MB
       Class:  8.00 MB
        Both:  14.29 MB

MaxMetaspaceSize: unlimited
CompressedClassSpaceSize: 1.00 GB
Initial GC threshold: 21.00 MB
Current GC threshold: 97.31 MB
CDS: off
MetaspaceReclaimPolicy: balanced
 - commit_granule_bytes: 65536.
 - commit_granule_words: 8192.
 - virtual_space_node_default_size: 8388608.
 - enlarge_chunks_in_place: 1.
 - new_chunks_are_fully_committed: 0.
 - uncommit_free_chunks: 1.
 - use_allocation_guard: 0.
 - handle_deallocations: 1.


Internal statistics:

num_allocs_failed_limit: 9.
num_arena_births: 646.
num_arena_deaths: 28.
num_vsnodes_births: 2.
num_vsnodes_deaths: 0.
num_space_committed: 1048.
num_space_uncommitted: 0.
num_chunks_returned_to_freelist: 38.
num_chunks_taken_from_freelist: 3029.
num_chunk_merges: 12.
num_chunk_splits: 1947.
num_chunks_enlarged: 1206.
num_inconsistent_stats: 0.

CodeHeap 'non-profiled nmethods': size=119168Kb used=3201Kb max_used=3201Kb free=115966Kb
 bounds [0x0000026ad2ea0000, 0x0000026ad31d0000, 0x0000026ada300000]
CodeHeap 'profiled nmethods': size=119104Kb used=13195Kb max_used=13637Kb free=105908Kb
 bounds [0x0000026acb300000, 0x0000026acc060000, 0x0000026ad2750000]
CodeHeap 'non-nmethods': size=7488Kb used=1353Kb max_used=2874Kb free=6134Kb
 bounds [0x0000026ad2750000, 0x0000026ad2a30000, 0x0000026ad2ea0000]
 total_blobs=7327 nmethods=6638 adapters=602
 compilation: enabled
              stopped_count=0, restarted_count=0
 full_count=0

Compilation events (20 events):
Event: 90.129 Thread 0x0000026ae167dec0 7508       3       org.apache.aries.spifly.BaseActivator::getAutoConsumerInstructions (16 bytes)
Event: 90.129 Thread 0x0000026ae167dec0 nmethod 7508 0x0000026acb86e290 code [0x0000026acb86e440, 0x0000026acb86e618]
Event: 90.129 Thread 0x0000026ae167dec0 7509       3       org.apache.aries.spifly.BaseActivator$$Lambda$121/0x000000010019ed20::get (4 bytes)
Event: 90.130 Thread 0x0000026ae167dec0 nmethod 7509 0x0000026acb779410 code [0x0000026acb779620, 0x0000026acb779c78]
Event: 90.130 Thread 0x0000026ae167dec0 7510       3       org.apache.aries.spifly.BaseActivator$$Lambda$122/0x000000010019ef38::<init> (10 bytes)
Event: 90.130 Thread 0x0000026ae167dec0 nmethod 7510 0x0000026acb779010 code [0x0000026acb7791a0, 0x0000026acb779318]
Event: 90.130 Thread 0x0000026ae167dec0 7511       3       aQute.bnd.stream.EntryPipeline::findFirst (10 bytes)
Event: 90.130 Thread 0x0000026ae167dec0 nmethod 7511 0x0000026acb778910 code [0x0000026acb778ae0, 0x0000026acb778ea8]
Event: 90.130 Thread 0x0000026ae167dec0 7512       3       org.apache.aries.spifly.BaseActivator$$Lambda$123/0x000000010019f188::<init> (10 bytes)
Event: 90.130 Thread 0x0000026ae167dec0 nmethod 7512 0x0000026acb778510 code [0x0000026acb7786a0, 0x0000026acb778818]
Event: 90.130 Thread 0x0000026ae167dec0 7513       3       java.util.concurrent.ConcurrentHashMap::isEmpty (15 bytes)
Event: 90.130 Thread 0x0000026ae167dec0 nmethod 7513 0x0000026acb778110 code [0x0000026acb7782c0, 0x0000026acb778468]
Event: 90.131 Thread 0x0000026ae167dec0 7515       3       org.eclipse.core.internal.registry.RegistryObjectManager::getHandles (235 bytes)
Event: 90.132 Thread 0x0000026ae167dec0 nmethod 7515 0x0000026acb729510 code [0x0000026acb7297e0, 0x0000026acb72ace8]
Event: 90.132 Thread 0x0000026ae167dec0 7516       3       org.eclipse.core.runtime.Path::<init> (37 bytes)
Event: 90.132 Thread 0x0000026ae167dec0 nmethod 7516 0x0000026acb777c90 code [0x0000026acb777e20, 0x0000026acb777ff8]
Event: 90.132 Thread 0x0000026ae7724c20 7517   !   4       org.eclipse.core.internal.preferences.EclipsePreferences::internalGet (62 bytes)
Event: 90.134 Thread 0x0000026ae167dec0 7518       3       org.apache.felix.scr.impl.Activator::debug (78 bytes)
Event: 90.135 Thread 0x0000026ae167dec0 nmethod 7518 0x0000026acb776990 code [0x0000026acb776c20, 0x0000026acb7776e8]
Event: 90.144 Thread 0x0000026ae7724c20 nmethod 7517 0x0000026ad31bf710 code [0x0000026ad31bf8c0, 0x0000026ad31c02c8]

GC Heap History (20 events):
Event: 31.206 GC heap before
{Heap before GC invocations=22 (full 2):
 PSYoungGen      total 24064K, used 15344K [0x00000000eab00000, 0x00000000ec500000, 0x0000000100000000)
  eden space 22016K, 61% used [0x00000000eab00000,0x00000000eb836ad0,0x00000000ec080000)
  from space 2048K, 88% used [0x00000000ec100000,0x00000000ec2c56d0,0x00000000ec300000)
  to   space 2048K, 0% used [0x00000000ec300000,0x00000000ec300000,0x00000000ec500000)
 ParOldGen       total 68608K, used 23485K [0x00000000c0000000, 0x00000000c4300000, 0x00000000eab00000)
  object space 68608K, 34% used [0x00000000c0000000,0x00000000c16ef4a0,0x00000000c4300000)
 Metaspace       used 58848K, committed 59776K, reserved 1114112K
  class space    used 6530K, committed 6912K, reserved 1048576K
}
Event: 31.210 GC heap after
{Heap after GC invocations=22 (full 2):
 PSYoungGen      total 15872K, used 2027K [0x00000000eab00000, 0x00000000ed580000, 0x0000000100000000)
  eden space 13824K, 0% used [0x00000000eab00000,0x00000000eab00000,0x00000000eb880000)
  from space 2048K, 99% used [0x00000000ec300000,0x00000000ec4faee0,0x00000000ec500000)
  to   space 10752K, 0% used [0x00000000eb880000,0x00000000eb880000,0x00000000ec300000)
 ParOldGen       total 68608K, used 30699K [0x00000000c0000000, 0x00000000c4300000, 0x00000000eab00000)
  object space 68608K, 44% used [0x00000000c0000000,0x00000000c1dfac48,0x00000000c4300000)
 Metaspace       used 58848K, committed 59776K, reserved 1114112K
  class space    used 6530K, committed 6912K, reserved 1048576K
}
Event: 31.210 GC heap before
{Heap before GC invocations=23 (full 3):
 PSYoungGen      total 15872K, used 2027K [0x00000000eab00000, 0x00000000ed580000, 0x0000000100000000)
  eden space 13824K, 0% used [0x00000000eab00000,0x00000000eab00000,0x00000000eb880000)
  from space 2048K, 99% used [0x00000000ec300000,0x00000000ec4faee0,0x00000000ec500000)
  to   space 10752K, 0% used [0x00000000eb880000,0x00000000eb880000,0x00000000ec300000)
 ParOldGen       total 68608K, used 30699K [0x00000000c0000000, 0x00000000c4300000, 0x00000000eab00000)
  object space 68608K, 44% used [0x00000000c0000000,0x00000000c1dfac48,0x00000000c4300000)
 Metaspace       used 58848K, committed 59776K, reserved 1114112K
  class space    used 6530K, committed 6912K, reserved 1048576K
}
Event: 31.252 GC heap after
{Heap after GC invocations=23 (full 3):
 PSYoungGen      total 15872K, used 0K [0x00000000eab00000, 0x00000000ed580000, 0x0000000100000000)
  eden space 13824K, 0% used [0x00000000eab00000,0x00000000eab00000,0x00000000eb880000)
  from space 2048K, 0% used [0x00000000ec300000,0x00000000ec300000,0x00000000ec500000)
  to   space 10752K, 0% used [0x00000000eb880000,0x00000000eb880000,0x00000000ec300000)
 ParOldGen       total 68608K, used 31270K [0x00000000c0000000, 0x00000000c4300000, 0x00000000eab00000)
  object space 68608K, 45% used [0x00000000c0000000,0x00000000c1e89888,0x00000000c4300000)
 Metaspace       used 58848K, committed 59776K, reserved 1114112K
  class space    used 6530K, committed 6912K, reserved 1048576K
}
Event: 31.656 GC heap before
{Heap before GC invocations=24 (full 3):
 PSYoungGen      total 15872K, used 13824K [0x00000000eab00000, 0x00000000ed580000, 0x0000000100000000)
  eden space 13824K, 100% used [0x00000000eab00000,0x00000000eb880000,0x00000000eb880000)
  from space 2048K, 0% used [0x00000000ec300000,0x00000000ec300000,0x00000000ec500000)
  to   space 10752K, 0% used [0x00000000eb880000,0x00000000eb880000,0x00000000ec300000)
 ParOldGen       total 68608K, used 31270K [0x00000000c0000000, 0x00000000c4300000, 0x00000000eab00000)
  object space 68608K, 45% used [0x00000000c0000000,0x00000000c1e89888,0x00000000c4300000)
 Metaspace       used 59822K, committed 60800K, reserved 1114112K
  class space    used 6714K, committed 7104K, reserved 1048576K
}
Event: 31.658 GC heap after
{Heap after GC invocations=24 (full 3):
 PSYoungGen      total 14848K, used 704K [0x00000000eab00000, 0x00000000ec380000, 0x0000000100000000)
  eden space 13824K, 0% used [0x00000000eab00000,0x00000000eab00000,0x00000000eb880000)
  from space 1024K, 68% used [0x00000000eb880000,0x00000000eb930000,0x00000000eb980000)
  to   space 4096K, 0% used [0x00000000ebf80000,0x00000000ebf80000,0x00000000ec380000)
 ParOldGen       total 68608K, used 31270K [0x00000000c0000000, 0x00000000c4300000, 0x00000000eab00000)
  object space 68608K, 45% used [0x00000000c0000000,0x00000000c1e89888,0x00000000c4300000)
 Metaspace       used 59822K, committed 60800K, reserved 1114112K
  class space    used 6714K, committed 7104K, reserved 1048576K
}
Event: 32.402 GC heap before
{Heap before GC invocations=25 (full 3):
 PSYoungGen      total 14848K, used 14444K [0x00000000eab00000, 0x00000000ec380000, 0x0000000100000000)
  eden space 13824K, 99% used [0x00000000eab00000,0x00000000eb86b310,0x00000000eb880000)
  from space 1024K, 68% used [0x00000000eb880000,0x00000000eb930000,0x00000000eb980000)
  to   space 4096K, 0% used [0x00000000ebf80000,0x00000000ebf80000,0x00000000ec380000)
 ParOldGen       total 68608K, used 31270K [0x00000000c0000000, 0x00000000c4300000, 0x00000000eab00000)
  object space 68608K, 45% used [0x00000000c0000000,0x00000000c1e89888,0x00000000c4300000)
 Metaspace       used 60444K, committed 61440K, reserved 1114112K
  class space    used 6796K, committed 7232K, reserved 1048576K
}
Event: 32.404 GC heap after
{Heap after GC invocations=25 (full 3):
 PSYoungGen      total 14848K, used 640K [0x00000000eab00000, 0x00000000ec080000, 0x0000000100000000)
  eden space 13824K, 0% used [0x00000000eab00000,0x00000000eab00000,0x00000000eb880000)
  from space 1024K, 62% used [0x00000000ebf80000,0x00000000ec020000,0x00000000ec080000)
  to   space 1536K, 0% used [0x00000000ebd80000,0x00000000ebd80000,0x00000000ebf00000)
 ParOldGen       total 68608K, used 31794K [0x00000000c0000000, 0x00000000c4300000, 0x00000000eab00000)
  object space 68608K, 46% used [0x00000000c0000000,0x00000000c1f0c8a8,0x00000000c4300000)
 Metaspace       used 60444K, committed 61440K, reserved 1114112K
  class space    used 6796K, committed 7232K, reserved 1048576K
}
Event: 38.739 GC heap before
{Heap before GC invocations=26 (full 3):
 PSYoungGen      total 14848K, used 14464K [0x00000000eab00000, 0x00000000ec080000, 0x0000000100000000)
  eden space 13824K, 100% used [0x00000000eab00000,0x00000000eb880000,0x00000000eb880000)
  from space 1024K, 62% used [0x00000000ebf80000,0x00000000ec020000,0x00000000ec080000)
  to   space 1536K, 0% used [0x00000000ebd80000,0x00000000ebd80000,0x00000000ebf00000)
 ParOldGen       total 68608K, used 31794K [0x00000000c0000000, 0x00000000c4300000, 0x00000000eab00000)
  object space 68608K, 46% used [0x00000000c0000000,0x00000000c1f0c8a8,0x00000000c4300000)
 Metaspace       used 60458K, committed 61440K, reserved 1114112K
  class space    used 6797K, committed 7232K, reserved 1048576K
}
Event: 38.740 GC heap after
{Heap after GC invocations=26 (full 3):
 PSYoungGen      total 15360K, used 352K [0x00000000eab00000, 0x00000000ec000000, 0x0000000100000000)
  eden space 13824K, 0% used [0x00000000eab00000,0x00000000eab00000,0x00000000eb880000)
  from space 1536K, 22% used [0x00000000ebd80000,0x00000000ebdd8000,0x00000000ebf00000)
  to   space 1024K, 0% used [0x00000000ebf00000,0x00000000ebf00000,0x00000000ec000000)
 ParOldGen       total 68608K, used 32203K [0x00000000c0000000, 0x00000000c4300000, 0x00000000eab00000)
  object space 68608K, 46% used [0x00000000c0000000,0x00000000c1f72c48,0x00000000c4300000)
 Metaspace       used 60458K, committed 61440K, reserved 1114112K
  class space    used 6797K, committed 7232K, reserved 1048576K
}
Event: 44.539 GC heap before
{Heap before GC invocations=27 (full 3):
 PSYoungGen      total 15360K, used 14176K [0x00000000eab00000, 0x00000000ec000000, 0x0000000100000000)
  eden space 13824K, 100% used [0x00000000eab00000,0x00000000eb880000,0x00000000eb880000)
  from space 1536K, 22% used [0x00000000ebd80000,0x00000000ebdd8000,0x00000000ebf00000)
  to   space 1024K, 0% used [0x00000000ebf00000,0x00000000ebf00000,0x00000000ec000000)
 ParOldGen       total 68608K, used 32203K [0x00000000c0000000, 0x00000000c4300000, 0x00000000eab00000)
  object space 68608K, 46% used [0x00000000c0000000,0x00000000c1f72c48,0x00000000c4300000)
 Metaspace       used 60526K, committed 61504K, reserved 1114112K
  class space    used 6809K, committed 7232K, reserved 1048576K
}
Event: 44.542 GC heap after
{Heap after GC invocations=27 (full 3):
 PSYoungGen      total 14848K, used 1021K [0x00000000eab00000, 0x00000000ec280000, 0x0000000100000000)
  eden space 13824K, 0% used [0x00000000eab00000,0x00000000eab00000,0x00000000eb880000)
  from space 1024K, 99% used [0x00000000ebf00000,0x00000000ebfff680,0x00000000ec000000)
  to   space 5120K, 0% used [0x00000000eb880000,0x00000000eb880000,0x00000000ebd80000)
 ParOldGen       total 68608K, used 35343K [0x00000000c0000000, 0x00000000c4300000, 0x00000000eab00000)
  object space 68608K, 51% used [0x00000000c0000000,0x00000000c2283eb0,0x00000000c4300000)
 Metaspace       used 60526K, committed 61504K, reserved 1114112K
  class space    used 6809K, committed 7232K, reserved 1048576K
}
Event: 44.802 GC heap before
{Heap before GC invocations=28 (full 3):
 PSYoungGen      total 14848K, used 14845K [0x00000000eab00000, 0x00000000ec280000, 0x0000000100000000)
  eden space 13824K, 100% used [0x00000000eab00000,0x00000000eb880000,0x00000000eb880000)
  from space 1024K, 99% used [0x00000000ebf00000,0x00000000ebfff680,0x00000000ec000000)
  to   space 5120K, 0% used [0x00000000eb880000,0x00000000eb880000,0x00000000ebd80000)
 ParOldGen       total 68608K, used 35343K [0x00000000c0000000, 0x00000000c4300000, 0x00000000eab00000)
  object space 68608K, 51% used [0x00000000c0000000,0x00000000c2283eb0,0x00000000c4300000)
 Metaspace       used 61556K, committed 62528K, reserved 1114112K
  class space    used 7016K, committed 7424K, reserved 1048576K
}
Event: 44.804 GC heap after
{Heap after GC invocations=28 (full 3):
 PSYoungGen      total 18944K, used 768K [0x00000000eab00000, 0x00000000ebf80000, 0x0000000100000000)
  eden space 13824K, 0% used [0x00000000eab00000,0x00000000eab00000,0x00000000eb880000)
  from space 5120K, 15% used [0x00000000eb880000,0x00000000eb940020,0x00000000ebd80000)
  to   space 2048K, 0% used [0x00000000ebd80000,0x00000000ebd80000,0x00000000ebf80000)
 ParOldGen       total 68608K, used 36377K [0x00000000c0000000, 0x00000000c4300000, 0x00000000eab00000)
  object space 68608K, 53% used [0x00000000c0000000,0x00000000c2386500,0x00000000c4300000)
 Metaspace       used 61556K, committed 62528K, reserved 1114112K
  class space    used 7016K, committed 7424K, reserved 1048576K
}
Event: 45.049 GC heap before
{Heap before GC invocations=29 (full 3):
 PSYoungGen      total 18944K, used 14592K [0x00000000eab00000, 0x00000000ebf80000, 0x0000000100000000)
  eden space 13824K, 100% used [0x00000000eab00000,0x00000000eb880000,0x00000000eb880000)
  from space 5120K, 15% used [0x00000000eb880000,0x00000000eb940020,0x00000000ebd80000)
  to   space 2048K, 0% used [0x00000000ebd80000,0x00000000ebd80000,0x00000000ebf80000)
 ParOldGen       total 68608K, used 36377K [0x00000000c0000000, 0x00000000c4300000, 0x00000000eab00000)
  object space 68608K, 53% used [0x00000000c0000000,0x00000000c2386500,0x00000000c4300000)
 Metaspace       used 62997K, committed 64000K, reserved 1114112K
  class space    used 7250K, committed 7680K, reserved 1048576K
}
Event: 45.050 GC heap after
{Heap after GC invocations=29 (full 3):
 PSYoungGen      total 14336K, used 512K [0x00000000eab00000, 0x00000000ebe00000, 0x0000000100000000)
  eden space 13824K, 0% used [0x00000000eab00000,0x00000000eab00000,0x00000000eb880000)
  from space 512K, 100% used [0x00000000ebd80000,0x00000000ebe00000,0x00000000ebe00000)
  to   space 1024K, 0% used [0x00000000ebc00000,0x00000000ebc00000,0x00000000ebd00000)
 ParOldGen       total 68608K, used 36937K [0x00000000c0000000, 0x00000000c4300000, 0x00000000eab00000)
  object space 68608K, 53% used [0x00000000c0000000,0x00000000c2412550,0x00000000c4300000)
 Metaspace       used 62997K, committed 64000K, reserved 1114112K
  class space    used 7250K, committed 7680K, reserved 1048576K
}
Event: 46.197 GC heap before
{Heap before GC invocations=30 (full 3):
 PSYoungGen      total 14336K, used 14336K [0x00000000eab00000, 0x00000000ebe00000, 0x0000000100000000)
  eden space 13824K, 100% used [0x00000000eab00000,0x00000000eb880000,0x00000000eb880000)
  from space 512K, 100% used [0x00000000ebd80000,0x00000000ebe00000,0x00000000ebe00000)
  to   space 1024K, 0% used [0x00000000ebc00000,0x00000000ebc00000,0x00000000ebd00000)
 ParOldGen       total 68608K, used 36937K [0x00000000c0000000, 0x00000000c4300000, 0x00000000eab00000)
  object space 68608K, 53% used [0x00000000c0000000,0x00000000c2412550,0x00000000c4300000)
 Metaspace       used 64438K, committed 65408K, reserved 1114112K
  class space    used 7462K, committed 7872K, reserved 1048576K
}
Event: 46.198 GC heap after
{Heap after GC invocations=30 (full 3):
 PSYoungGen      total 14848K, used 608K [0x00000000eab00000, 0x00000000ebe00000, 0x0000000100000000)
  eden space 13824K, 0% used [0x00000000eab00000,0x00000000eab00000,0x00000000eb880000)
  from space 1024K, 59% used [0x00000000ebc00000,0x00000000ebc98000,0x00000000ebd00000)
  to   space 1024K, 0% used [0x00000000ebd00000,0x00000000ebd00000,0x00000000ebe00000)
 ParOldGen       total 68608K, used 37265K [0x00000000c0000000, 0x00000000c4300000, 0x00000000eab00000)
  object space 68608K, 54% used [0x00000000c0000000,0x00000000c2464560,0x00000000c4300000)
 Metaspace       used 64438K, committed 65408K, reserved 1114112K
  class space    used 7462K, committed 7872K, reserved 1048576K
}
Event: 90.037 GC heap before
{Heap before GC invocations=31 (full 3):
 PSYoungGen      total 14848K, used 14432K [0x00000000eab00000, 0x00000000ebe00000, 0x0000000100000000)
  eden space 13824K, 100% used [0x00000000eab00000,0x00000000eb880000,0x00000000eb880000)
  from space 1024K, 59% used [0x00000000ebc00000,0x00000000ebc98000,0x00000000ebd00000)
  to   space 1024K, 0% used [0x00000000ebd00000,0x00000000ebd00000,0x00000000ebe00000)
 ParOldGen       total 68608K, used 37265K [0x00000000c0000000, 0x00000000c4300000, 0x00000000eab00000)
  object space 68608K, 54% used [0x00000000c0000000,0x00000000c2464560,0x00000000c4300000)
 Metaspace       used 65620K, committed 66752K, reserved 1114112K
  class space    used 7611K, committed 8128K, reserved 1048576K
}
Event: 90.039 GC heap after
{Heap after GC invocations=31 (full 3):
 PSYoungGen      total 14336K, used 503K [0x00000000eab00000, 0x00000000ebd80000, 0x0000000100000000)
  eden space 13824K, 0% used [0x00000000eab00000,0x00000000eab00000,0x00000000eb880000)
  from space 512K, 98% used [0x00000000ebd00000,0x00000000ebd7dfc8,0x00000000ebd80000)
  to   space 1024K, 0% used [0x00000000ebb80000,0x00000000ebb80000,0x00000000ebc80000)
 ParOldGen       total 68608K, used 37640K [0x00000000c0000000, 0x00000000c4300000, 0x00000000eab00000)
  object space 68608K, 54% used [0x00000000c0000000,0x00000000c24c2270,0x00000000c4300000)
 Metaspace       used 65620K, committed 66752K, reserved 1114112K
  class space    used 7611K, committed 8128K, reserved 1048576K
}

Dll operation events (15 events):
Event: 0.008 Loaded shared library c:\Users\leomuch\.vscode\extensions\redhat.java-1.37.0-win32-x64\jre\17.0.13-win32-x86_64\bin\java.dll
Event: 0.147 Loaded shared library c:\Users\leomuch\.vscode\extensions\redhat.java-1.37.0-win32-x64\jre\17.0.13-win32-x86_64\bin\zip.dll
Event: 0.151 Loaded shared library C:\Users\leomuch\.vscode\extensions\redhat.java-1.37.0-win32-x64\jre\17.0.13-win32-x86_64\bin\instrument.dll
Event: 0.165 Loaded shared library C:\Users\leomuch\.vscode\extensions\redhat.java-1.37.0-win32-x64\jre\17.0.13-win32-x86_64\bin\net.dll
Event: 0.167 Loaded shared library C:\Users\leomuch\.vscode\extensions\redhat.java-1.37.0-win32-x64\jre\17.0.13-win32-x86_64\bin\nio.dll
Event: 0.176 Loaded shared library C:\Users\leomuch\.vscode\extensions\redhat.java-1.37.0-win32-x64\jre\17.0.13-win32-x86_64\bin\zip.dll
Event: 0.193 Loaded shared library C:\Users\leomuch\.vscode\extensions\redhat.java-1.37.0-win32-x64\jre\17.0.13-win32-x86_64\bin\jimage.dll
Event: 0.266 Loaded shared library c:\Users\leomuch\.vscode\extensions\redhat.java-1.37.0-win32-x64\jre\17.0.13-win32-x86_64\bin\verify.dll
Event: 4.266 Loaded shared library C:\Users\leomuch\AppData\Roaming\Code\User\globalStorage\redhat.java\1.37.0\config_win\org.eclipse.equinox.launcher\org.eclipse.equinox.launcher.win32.win32.x86_64_1.2.1100.v20240722-2106\eclipse_11904.dll
Event: 13.846 Loaded shared library C:\Users\leomuch\.vscode\extensions\redhat.java-1.37.0-win32-x64\jre\17.0.13-win32-x86_64\bin\management.dll
Event: 13.849 Loaded shared library C:\Users\leomuch\.vscode\extensions\redhat.java-1.37.0-win32-x64\jre\17.0.13-win32-x86_64\bin\management_ext.dll
Event: 15.935 Loaded shared library C:\Users\leomuch\AppData\Local\Temp\jna-63567651\jna4098753204286856709.dll
Event: 17.838 Loaded shared library C:\Users\leomuch\.vscode\extensions\redhat.java-1.37.0-win32-x64\jre\17.0.13-win32-x86_64\bin\sunmscapi.dll
Event: 18.146 Loaded shared library C:\Users\leomuch\.vscode\extensions\redhat.java-1.37.0-win32-x64\jre\17.0.13-win32-x86_64\bin\extnet.dll
Event: 31.520 Loaded shared library C:\Users\leomuch\.gradle\native\68d5fa5c4cc2d200863cafc0d521ce42e7d3e7ee720ec0a83991735586a16f82\windows-amd64\native-platform.dll

Deoptimization events (20 events):
Event: 90.095 Thread 0x0000026ae4597d20 Uncommon trap: trap_request=0xffffffde fr.pc=0x0000026ad3097ee8 relative=0x0000000000000248
Event: 90.095 Thread 0x0000026ae4597d20 Uncommon trap: reason=class_check action=maybe_recompile pc=0x0000026ad3097ee8 method=java.util.Comparator.lambda$comparing$77a9974f$1(Ljava/util/function/Function;Ljava/lang/Object;Ljava/lang/Object;)I @ 7 c2
Event: 90.095 Thread 0x0000026ae4597d20 DEOPT PACKING pc=0x0000026ad3097ee8 sp=0x000000e3537fcd60
Event: 90.095 Thread 0x0000026ae4597d20 DEOPT UNPACKING pc=0x0000026ad27a66a3 sp=0x000000e3537fcc90 mode 2
Event: 90.095 Thread 0x0000026ae4597d20 Uncommon trap: trap_request=0xffffffde fr.pc=0x0000026ad3097ee8 relative=0x0000000000000248
Event: 90.095 Thread 0x0000026ae4597d20 Uncommon trap: reason=class_check action=maybe_recompile pc=0x0000026ad3097ee8 method=java.util.Comparator.lambda$comparing$77a9974f$1(Ljava/util/function/Function;Ljava/lang/Object;Ljava/lang/Object;)I @ 7 c2
Event: 90.095 Thread 0x0000026ae4597d20 DEOPT PACKING pc=0x0000026ad3097ee8 sp=0x000000e3537fcdf0
Event: 90.095 Thread 0x0000026ae4597d20 DEOPT UNPACKING pc=0x0000026ad27a66a3 sp=0x000000e3537fcd20 mode 2
Event: 90.095 Thread 0x0000026ae4597d20 Uncommon trap: trap_request=0xffffffde fr.pc=0x0000026ad3097ee8 relative=0x0000000000000248
Event: 90.095 Thread 0x0000026ae4597d20 Uncommon trap: reason=class_check action=maybe_recompile pc=0x0000026ad3097ee8 method=java.util.Comparator.lambda$comparing$77a9974f$1(Ljava/util/function/Function;Ljava/lang/Object;Ljava/lang/Object;)I @ 7 c2
Event: 90.095 Thread 0x0000026ae4597d20 DEOPT PACKING pc=0x0000026ad3097ee8 sp=0x000000e3537fcdf0
Event: 90.095 Thread 0x0000026ae4597d20 DEOPT UNPACKING pc=0x0000026ad27a66a3 sp=0x000000e3537fcd20 mode 2
Event: 90.095 Thread 0x0000026ae4597d20 Uncommon trap: trap_request=0xffffffde fr.pc=0x0000026ad3097ee8 relative=0x0000000000000248
Event: 90.095 Thread 0x0000026ae4597d20 Uncommon trap: reason=class_check action=maybe_recompile pc=0x0000026ad3097ee8 method=java.util.Comparator.lambda$comparing$77a9974f$1(Ljava/util/function/Function;Ljava/lang/Object;Ljava/lang/Object;)I @ 7 c2
Event: 90.095 Thread 0x0000026ae4597d20 DEOPT PACKING pc=0x0000026ad3097ee8 sp=0x000000e3537fcdf0
Event: 90.095 Thread 0x0000026ae4597d20 DEOPT UNPACKING pc=0x0000026ad27a66a3 sp=0x000000e3537fcd20 mode 2
Event: 90.108 Thread 0x0000026ae4597d20 Uncommon trap: trap_request=0xffffffde fr.pc=0x0000026ad31b86f4 relative=0x00000000000004b4
Event: 90.108 Thread 0x0000026ae4597d20 Uncommon trap: reason=class_check action=maybe_recompile pc=0x0000026ad31b86f4 method=java.util.HashMap.removeNode(ILjava/lang/Object;Ljava/lang/Object;ZZ)Ljava/util/HashMap$Node; @ 143 c2
Event: 90.108 Thread 0x0000026ae4597d20 DEOPT PACKING pc=0x0000026ad31b86f4 sp=0x000000e3537fe050
Event: 90.108 Thread 0x0000026ae4597d20 DEOPT UNPACKING pc=0x0000026ad27a66a3 sp=0x000000e3537fdfc8 mode 2

Classes loaded (20 events):
Event: 90.002 Loading class java/io/ObjectStreamClass$FieldReflector
Event: 90.002 Loading class java/io/ObjectStreamClass$FieldReflector done
Event: 90.004 Loading class java/io/ObjectStreamClass$ClassDataSlot
Event: 90.004 Loading class java/io/ObjectStreamClass$ClassDataSlot done
Event: 90.005 Loading class java/io/SerialCallbackContext
Event: 90.006 Loading class java/io/SerialCallbackContext done
Event: 90.037 Loading class java/nio/file/DirectoryNotEmptyException
Event: 90.039 Loading class java/nio/file/DirectoryNotEmptyException done
Event: 90.053 Loading class jdk/internal/reflect/UnsafeShortFieldAccessorImpl
Event: 90.054 Loading class jdk/internal/reflect/UnsafeShortFieldAccessorImpl done
Event: 90.076 Loading class java/nio/channels/ClosedChannelException
Event: 90.077 Loading class java/nio/channels/ClosedChannelException done
Event: 90.077 Loading class java/lang/Throwable$WrappedPrintWriter
Event: 90.077 Loading class java/lang/Throwable$PrintStreamOrWriter
Event: 90.078 Loading class java/lang/Throwable$PrintStreamOrWriter done
Event: 90.078 Loading class java/lang/Throwable$WrappedPrintWriter done
Event: 90.100 Loading class java/util/WeakHashMap$KeyIterator
Event: 90.101 Loading class java/util/WeakHashMap$KeyIterator done
Event: 90.131 Loading class java/util/Hashtable$KeySet
Event: 90.131 Loading class java/util/Hashtable$KeySet done

Classes unloaded (14 events):
Event: 15.403 Thread 0x0000026adc4e1850 Unloading class 0x000000010036e400 'java/lang/invoke/LambdaForm$MH+0x000000010036e400'
Event: 15.403 Thread 0x0000026adc4e1850 Unloading class 0x000000010036d800 'java/lang/invoke/LambdaForm$MH+0x000000010036d800'
Event: 15.403 Thread 0x0000026adc4e1850 Unloading class 0x000000010036d000 'java/lang/invoke/LambdaForm$MH+0x000000010036d000'
Event: 15.403 Thread 0x0000026adc4e1850 Unloading class 0x000000010036c800 'java/lang/invoke/LambdaForm$MH+0x000000010036c800'
Event: 15.403 Thread 0x0000026adc4e1850 Unloading class 0x000000010036c400 'java/lang/invoke/LambdaForm$DMH+0x000000010036c400'
Event: 15.403 Thread 0x0000026adc4e1850 Unloading class 0x000000010036b800 'java/lang/invoke/LambdaForm$MH+0x000000010036b800'
Event: 15.403 Thread 0x0000026adc4e1850 Unloading class 0x000000010036b000 'java/lang/invoke/LambdaForm$MH+0x000000010036b000'
Event: 15.403 Thread 0x0000026adc4e1850 Unloading class 0x0000000100252000 'java/lang/invoke/LambdaForm$MH+0x0000000100252000'
Event: 15.403 Thread 0x0000026adc4e1850 Unloading class 0x0000000100251c00 'java/lang/invoke/LambdaForm$MH+0x0000000100251c00'
Event: 15.403 Thread 0x0000026adc4e1850 Unloading class 0x0000000100251800 'java/lang/invoke/LambdaForm$MH+0x0000000100251800'
Event: 15.403 Thread 0x0000026adc4e1850 Unloading class 0x0000000100251400 'java/lang/invoke/LambdaForm$MH+0x0000000100251400'
Event: 15.403 Thread 0x0000026adc4e1850 Unloading class 0x0000000100251000 'java/lang/invoke/LambdaForm$BMH+0x0000000100251000'
Event: 15.403 Thread 0x0000026adc4e1850 Unloading class 0x0000000100250c00 'java/lang/invoke/LambdaForm$DMH+0x0000000100250c00'
Event: 15.403 Thread 0x0000026adc4e1850 Unloading class 0x000000010024c400 'java/lang/invoke/LambdaForm$DMH+0x000000010024c400'

Classes redefined (0 events):
No events

Internal exceptions (20 events):
Event: 46.379 Thread 0x0000026ae4c6b2d0 Exception <a 'sun/nio/fs/WindowsException'{0x00000000eb107a78}> (0x00000000eb107a78) 
thrown [s\src\hotspot\share\prims\jni.cpp, line 516]
Event: 46.379 Thread 0x0000026ae4c6b2d0 Exception <a 'sun/nio/fs/WindowsException'{0x00000000eb108888}> (0x00000000eb108888) 
thrown [s\src\hotspot\share\prims\jni.cpp, line 516]
Event: 46.379 Thread 0x0000026ae4c6b2d0 Exception <a 'sun/nio/fs/WindowsException'{0x00000000eb109020}> (0x00000000eb109020) 
thrown [s\src\hotspot\share\prims\jni.cpp, line 516]
Event: 46.382 Thread 0x0000026ae4c6b2d0 Exception <a 'java/lang/NoSuchMethodError'{0x00000000eb13d0a8}: 'java.lang.Object java.lang.invoke.DirectMethodHandle$Holder.invokeStatic(java.lang.Object, java.lang.Object, int, java.lang.Object)'> (0x00000000eb13d0a8) 
thrown [s\src\hotspot\share\interpreter\linkResolver.cpp, line 759]
Event: 90.012 Thread 0x0000026ae3d6b890 Exception <a 'java/io/FileNotFoundException'{0x00000000eb78cdb0}> (0x00000000eb78cdb0) 
thrown [s\src\hotspot\share\prims\jni.cpp, line 516]
Event: 90.023 Thread 0x0000026ae3d6b890 Exception <a 'java/lang/NoSuchMethodError'{0x00000000eb7d7bc0}: 'java.lang.Object java.lang.invoke.DirectMethodHandle$Holder.newInvokeSpecial(java.lang.Object, java.lang.Object, java.lang.Object, java.lang.Object, java.lang.Object, java.lang.Object, java.lang.Object, java.lang.Object, java.lang.Object, java.lang.Object)'> (0x00000000eb7d7bc0) 
thrown [s\src\hotspot\share\interpreter\linkResolver.cpp, line 759]
Event: 90.024 Thread 0x0000026ae3d6b890 Exception <a 'java/lang/NoSuchMethodError'{0x00000000eb7dc8b0}: 'java.lang.Object java.lang.invoke.DirectMethodHandle$Holder.invokeSpecial(java.lang.Object, java.lang.Object, java.lang.Object, java.lang.Object, java.lang.Object, java.lang.Object, java.lang.Object, java.lang.Object, java.lang.Object, java.lang.Object, java.lang.Object)'> (0x00000000eb7dc8b0) 
thrown [s\src\hotspot\share\interpreter\linkResolver.cpp, line 759]
Event: 90.024 Thread 0x0000026ae3d6b890 Exception <a 'java/lang/NoSuchMethodError'{0x00000000eb7e10f0}: 'java.lang.Object java.lang.invoke.Invokers$Holder.linkToTargetMethod(java.lang.Object, java.lang.Object, java.lang.Object, java.lang.Object, java.lang.Object, java.lang.Object, java.lang.Object, java.lang.Object, java.lang.Object, java.lang.Object)'> (0x00000000eb7e10f0) 
thrown [s\src\hotspot\share\interpreter\linkResolver.cpp, line 759]
Event: 90.043 Thread 0x0000026ae3d6b890 Exception <a 'sun/nio/fs/WindowsException'{0x00000000eab4cc78}> (0x00000000eab4cc78) 
thrown [s\src\hotspot\share\prims\jni.cpp, line 516]
Event: 90.060 Thread 0x0000026ae3d6b890 Exception <a 'sun/nio/fs/WindowsException'{0x00000000eac357a8}> (0x00000000eac357a8) 
thrown [s\src\hotspot\share\prims\jni.cpp, line 516]
Event: 90.060 Thread 0x0000026ae3d6b890 Exception <a 'sun/nio/fs/WindowsException'{0x00000000eac369b8}> (0x00000000eac369b8) 
thrown [s\src\hotspot\share\prims\jni.cpp, line 516]
Event: 90.060 Thread 0x0000026ae3d6b890 Exception <a 'sun/nio/fs/WindowsException'{0x00000000eac36f88}> (0x00000000eac36f88) 
thrown [s\src\hotspot\share\prims\jni.cpp, line 516]
Event: 90.076 Thread 0x0000026ae4c6b2d0 Exception <a 'java/io/IOException'{0x00000000eac62690}> (0x00000000eac62690) 
thrown [s\src\hotspot\share\prims\jni.cpp, line 516]
Event: 90.109 Thread 0x0000026ae4597d20 Exception <a 'java/lang/NoSuchMethodError'{0x00000000eada42e0}: 'void java.lang.invoke.DirectMethodHandle$Holder.invokeInterface(java.lang.Object, java.lang.Object)'> (0x00000000eada42e0) 
thrown [s\src\hotspot\share\interpreter\linkResolver.cpp, line 759]
Event: 90.124 Thread 0x0000026ae4597d20 Exception <a 'sun/nio/fs/WindowsException'{0x00000000eae68210}> (0x00000000eae68210) 
thrown [s\src\hotspot\share\prims\jni.cpp, line 516]
Event: 90.124 Thread 0x0000026ae4597d20 Exception <a 'sun/nio/fs/WindowsException'{0x00000000eae68ab8}> (0x00000000eae68ab8) 
thrown [s\src\hotspot\share\prims\jni.cpp, line 516]
Event: 90.124 Thread 0x0000026ae4597d20 Exception <a 'sun/nio/fs/WindowsException'{0x00000000eae69670}> (0x00000000eae69670) 
thrown [s\src\hotspot\share\prims\jni.cpp, line 516]
Event: 90.124 Thread 0x0000026ae4597d20 Exception <a 'sun/nio/fs/WindowsException'{0x00000000eae69bc0}> (0x00000000eae69bc0) 
thrown [s\src\hotspot\share\prims\jni.cpp, line 516]
Event: 90.132 Thread 0x0000026ae4597d20 Exception <a 'java/io/FileNotFoundException'{0x00000000eaeb5f80}> (0x00000000eaeb5f80) 
thrown [s\src\hotspot\share\prims\jni.cpp, line 516]
Event: 90.132 Thread 0x0000026ae4597d20 Exception <a 'java/io/FileNotFoundException'{0x00000000eaeb6f88}> (0x00000000eaeb6f88) 
thrown [s\src\hotspot\share\prims\jni.cpp, line 516]

VM Operations (20 events):
Event: 46.119 Executing VM operation: HandshakeAllThreads
Event: 46.119 Executing VM operation: HandshakeAllThreads done
Event: 46.119 Executing VM operation: Cleanup
Event: 46.119 Executing VM operation: Cleanup done
Event: 46.144 Executing VM operation: HandshakeAllThreads
Event: 46.144 Executing VM operation: HandshakeAllThreads done
Event: 46.196 Executing VM operation: ParallelGCFailedAllocation
Event: 46.198 Executing VM operation: ParallelGCFailedAllocation done
Event: 46.409 Executing VM operation: HandshakeAllThreads
Event: 46.410 Executing VM operation: HandshakeAllThreads done
Event: 46.411 Executing VM operation: HandshakeAllThreads
Event: 46.411 Executing VM operation: HandshakeAllThreads done
Event: 47.412 Executing VM operation: Cleanup
Event: 47.412 Executing VM operation: Cleanup done
Event: 60.171 Executing VM operation: HandshakeAllThreads
Event: 60.171 Executing VM operation: HandshakeAllThreads done
Event: 90.037 Executing VM operation: ParallelGCFailedAllocation
Event: 90.039 Executing VM operation: ParallelGCFailedAllocation done
Event: 90.120 Executing VM operation: HandshakeAllThreads
Event: 90.120 Executing VM operation: HandshakeAllThreads done

Memory protections (0 events):
No events

Nmethod flushes (20 events):
Event: 18.518 Thread 0x0000026ae167efb0 flushing  nmethod 0x0000026acbdd7a10
Event: 18.518 Thread 0x0000026ae167efb0 flushing  nmethod 0x0000026acbdd7f90
Event: 18.518 Thread 0x0000026ae167efb0 flushing  nmethod 0x0000026acbdd8610
Event: 18.518 Thread 0x0000026ae167efb0 flushing  nmethod 0x0000026acbdd8e90
Event: 18.518 Thread 0x0000026ae167efb0 flushing  nmethod 0x0000026acbddeb90
Event: 18.518 Thread 0x0000026ae167efb0 flushing  nmethod 0x0000026acbddf210
Event: 18.518 Thread 0x0000026ae167efb0 flushing  nmethod 0x0000026acbde1590
Event: 18.518 Thread 0x0000026ae167efb0 flushing  nmethod 0x0000026acbde1f10
Event: 18.518 Thread 0x0000026ae167efb0 flushing  nmethod 0x0000026acbde2510
Event: 18.518 Thread 0x0000026ae167efb0 flushing  nmethod 0x0000026acbde3b90
Event: 18.518 Thread 0x0000026ae167efb0 flushing  nmethod 0x0000026acbde4810
Event: 18.518 Thread 0x0000026ae167efb0 flushing  nmethod 0x0000026acbde4f10
Event: 18.518 Thread 0x0000026ae167efb0 flushing  nmethod 0x0000026acbde6510
Event: 18.518 Thread 0x0000026ae167efb0 flushing  nmethod 0x0000026acbdead90
Event: 18.518 Thread 0x0000026ae167efb0 flushing  nmethod 0x0000026acbe40710
Event: 18.518 Thread 0x0000026ae167efb0 flushing  nmethod 0x0000026acbe41710
Event: 18.518 Thread 0x0000026ae167efb0 flushing  nmethod 0x0000026acbe41f90
Event: 18.518 Thread 0x0000026ae167efb0 flushing  nmethod 0x0000026acbe42e90
Event: 18.519 Thread 0x0000026ae167efb0 flushing  nmethod 0x0000026acbea0290
Event: 18.520 Thread 0x0000026ae167efb0 flushing  nmethod 0x0000026acbf5d790

Events (20 events):
Event: 45.312 Thread 0x0000026ae4c6c200 Thread added: 0x0000026ae3d6e620
Event: 45.312 Thread 0x0000026ae4c6c200 Thread added: 0x0000026ae3d6c2b0
Event: 46.143 Thread 0x0000026ae4c67100 Thread exited: 0x0000026ae4c67100
Event: 46.158 Thread 0x0000026ae3d6b890 Thread added: 0x0000026ae4c67100
Event: 46.161 Thread 0x0000026ae3d6b890 Thread added: 0x0000026ae4595ec0
Event: 46.186 Thread 0x0000026ae4595ec0 Thread exited: 0x0000026ae4595ec0
Event: 46.187 Thread 0x0000026ae3d6b890 Thread added: 0x0000026ae4599670
Event: 46.189 Thread 0x0000026ae3d6b890 Thread added: 0x0000026ae4598230
Event: 46.211 Thread 0x0000026ae4598230 Thread exited: 0x0000026ae4598230
Event: 46.216 Thread 0x0000026ae167dec0 Thread added: 0x0000026ae7724c20
Event: 46.385 Thread 0x0000026ae4c6b2d0 Thread added: 0x0000026ae4598230
Event: 46.534 Thread 0x0000026ae4c6b2d0 Thread added: 0x0000026ae4599160
Event: 52.542 Thread 0x0000026ae7724c20 Thread exited: 0x0000026ae7724c20
Event: 89.965 Thread 0x0000026ae4c6b2d0 Thread added: 0x0000026ae45968e0
Event: 89.978 Thread 0x0000026ae3d6b890 Thread added: 0x0000026ae459afc0
Event: 89.985 Thread 0x0000026ae459afc0 Thread exited: 0x0000026ae459afc0
Event: 90.062 Thread 0x0000026ae16782f0 Thread added: 0x0000026ae7724c20
Event: 90.079 Thread 0x0000026ac8673230 Thread added: 0x0000026ae4597d20
Event: 90.093 Thread 0x0000026ae4597d20 Thread added: 0x0000026ae4597300
Event: 90.106 Thread 0x0000026ae167dec0 Thread added: 0x0000026ae7acfc10


Dynamic libraries:
0x00007ff673a70000 - 0x00007ff673a7e000 	c:\Users\leomuch\.vscode\extensions\redhat.java-1.37.0-win32-x64\jre\17.0.13-win32-x86_64\bin\java.exe
0x00007ffbb6af0000 - 0x00007ffbb6d07000 	C:\Windows\SYSTEM32\ntdll.dll
0x00007ffbb5630000 - 0x00007ffbb56f4000 	C:\Windows\System32\KERNEL32.DLL
0x00007ffbb4440000 - 0x00007ffbb47fa000 	C:\Windows\System32\KERNELBASE.dll
0x00007ffbb3e00000 - 0x00007ffbb3f11000 	C:\Windows\System32\ucrtbase.dll
0x00007ffb8b5e0000 - 0x00007ffb8b5f7000 	c:\Users\leomuch\.vscode\extensions\redhat.java-1.37.0-win32-x64\jre\17.0.13-win32-x86_64\bin\jli.dll
0x00007ffb9e630000 - 0x00007ffb9e64e000 	c:\Users\leomuch\.vscode\extensions\redhat.java-1.37.0-win32-x64\jre\17.0.13-win32-x86_64\bin\VCRUNTIME140.dll
0x00007ffbb5700000 - 0x00007ffbb58ae000 	C:\Windows\System32\USER32.dll
0x00007ffbb3dd0000 - 0x00007ffbb3df6000 	C:\Windows\System32\win32u.dll
0x00007ffba5890000 - 0x00007ffba5b22000 	C:\Windows\WinSxS\amd64_microsoft.windows.common-controls_6595b64144ccf1df_6.0.22621.4541_none_2710d1c57384c085\COMCTL32.dll
0x00007ffbb5930000 - 0x00007ffbb5959000 	C:\Windows\System32\GDI32.dll
0x00007ffbb4800000 - 0x00007ffbb48a7000 	C:\Windows\System32\msvcrt.dll
0x00007ffbb3f50000 - 0x00007ffbb406b000 	C:\Windows\System32\gdi32full.dll
0x00007ffbb4070000 - 0x00007ffbb410a000 	C:\Windows\System32\msvcp_win.dll
0x00007ffbb5a90000 - 0x00007ffbb5ac1000 	C:\Windows\System32\IMM32.DLL
0x00007ffbb1a90000 - 0x00007ffbb1a9c000 	c:\Users\leomuch\.vscode\extensions\redhat.java-1.37.0-win32-x64\jre\17.0.13-win32-x86_64\bin\vcruntime140_1.dll
0x00007ffb616c0000 - 0x00007ffb6174d000 	c:\Users\leomuch\.vscode\extensions\redhat.java-1.37.0-win32-x64\jre\17.0.13-win32-x86_64\bin\msvcp140.dll
0x00007ffaf4d90000 - 0x00007ffaf59fb000 	c:\Users\leomuch\.vscode\extensions\redhat.java-1.37.0-win32-x64\jre\17.0.13-win32-x86_64\bin\server\jvm.dll
0x00007ffbb4af0000 - 0x00007ffbb4ba2000 	C:\Windows\System32\ADVAPI32.dll
0x00007ffbb60f0000 - 0x00007ffbb6197000 	C:\Windows\System32\sechost.dll
0x00007ffbb3f20000 - 0x00007ffbb3f48000 	C:\Windows\System32\bcrypt.dll
0x00007ffbb5970000 - 0x00007ffbb5a84000 	C:\Windows\System32\RPCRT4.dll
0x00007ffbb4a20000 - 0x00007ffbb4a91000 	C:\Windows\System32\WS2_32.dll
0x00007ffbb3ca0000 - 0x00007ffbb3ced000 	C:\Windows\SYSTEM32\POWRPROF.dll
0x00007ffbae490000 - 0x00007ffbae4c4000 	C:\Windows\SYSTEM32\WINMM.dll
0x00007ffbad700000 - 0x00007ffbad70a000 	C:\Windows\SYSTEM32\VERSION.dll
0x00007ffbb3c80000 - 0x00007ffbb3c93000 	C:\Windows\SYSTEM32\UMPDC.dll
0x00007ffbb2dd0000 - 0x00007ffbb2de8000 	C:\Windows\SYSTEM32\kernel.appcore.dll
0x00007ffba81a0000 - 0x00007ffba81aa000 	c:\Users\leomuch\.vscode\extensions\redhat.java-1.37.0-win32-x64\jre\17.0.13-win32-x86_64\bin\jimage.dll
0x00007ffbb1710000 - 0x00007ffbb1942000 	C:\Windows\SYSTEM32\DBGHELP.DLL
0x00007ffbb62a0000 - 0x00007ffbb662f000 	C:\Windows\System32\combase.dll
0x00007ffbb6010000 - 0x00007ffbb60e7000 	C:\Windows\System32\OLEAUT32.dll
0x00007ffbabe90000 - 0x00007ffbabec2000 	C:\Windows\SYSTEM32\dbgcore.DLL
0x00007ffbb4110000 - 0x00007ffbb418b000 	C:\Windows\System32\bcryptPrimitives.dll
0x00007ffb9edf0000 - 0x00007ffb9edfe000 	c:\Users\leomuch\.vscode\extensions\redhat.java-1.37.0-win32-x64\jre\17.0.13-win32-x86_64\bin\instrument.dll
0x00007ffb73e80000 - 0x00007ffb73ea5000 	c:\Users\leomuch\.vscode\extensions\redhat.java-1.37.0-win32-x64\jre\17.0.13-win32-x86_64\bin\java.dll
0x00007ffb8a280000 - 0x00007ffb8a298000 	c:\Users\leomuch\.vscode\extensions\redhat.java-1.37.0-win32-x64\jre\17.0.13-win32-x86_64\bin\zip.dll
0x00007ffbb4d20000 - 0x00007ffbb5598000 	C:\Windows\System32\SHELL32.dll
0x00007ffbb1cc0000 - 0x00007ffbb25c8000 	C:\Windows\SYSTEM32\windows.storage.dll
0x00007ffbb1b80000 - 0x00007ffbb1cbf000 	C:\Windows\SYSTEM32\wintypes.dll
0x00007ffbb61a0000 - 0x00007ffbb629a000 	C:\Windows\System32\SHCORE.dll
0x00007ffbb5ee0000 - 0x00007ffbb5f3e000 	C:\Windows\System32\shlwapi.dll
0x00007ffbb3d00000 - 0x00007ffbb3d2b000 	C:\Windows\SYSTEM32\profapi.dll
0x00007ffb89cc0000 - 0x00007ffb89cd9000 	C:\Users\leomuch\.vscode\extensions\redhat.java-1.37.0-win32-x64\jre\17.0.13-win32-x86_64\bin\net.dll
0x00007ffbb0550000 - 0x00007ffbb0686000 	C:\Windows\SYSTEM32\WINHTTP.dll
0x00007ffbb3240000 - 0x00007ffbb32a9000 	C:\Windows\system32\mswsock.dll
0x00007ffb80e30000 - 0x00007ffb80e46000 	C:\Users\leomuch\.vscode\extensions\redhat.java-1.37.0-win32-x64\jre\17.0.13-win32-x86_64\bin\nio.dll
0x00007ffb9e6d0000 - 0x00007ffb9e6e0000 	c:\Users\leomuch\.vscode\extensions\redhat.java-1.37.0-win32-x64\jre\17.0.13-win32-x86_64\bin\verify.dll
0x00007ffb6dd20000 - 0x00007ffb6dd65000 	C:\Users\leomuch\AppData\Roaming\Code\User\globalStorage\redhat.java\1.37.0\config_win\org.eclipse.equinox.launcher\org.eclipse.equinox.launcher.win32.win32.x86_64_1.2.1100.v20240722-2106\eclipse_11904.dll
0x00007ffbb5ca0000 - 0x00007ffbb5e45000 	C:\Windows\System32\ole32.dll
0x00007ffb9d700000 - 0x00007ffb9d70a000 	C:\Users\leomuch\.vscode\extensions\redhat.java-1.37.0-win32-x64\jre\17.0.13-win32-x86_64\bin\management.dll
0x00007ffb98960000 - 0x00007ffb9896b000 	C:\Users\leomuch\.vscode\extensions\redhat.java-1.37.0-win32-x64\jre\17.0.13-win32-x86_64\bin\management_ext.dll
0x00007ffbb5960000 - 0x00007ffbb5968000 	C:\Windows\System32\PSAPI.DLL
0x00007ffbb3450000 - 0x00007ffbb346b000 	C:\Windows\SYSTEM32\CRYPTSP.dll
0x00007ffbb2d30000 - 0x00007ffbb2d65000 	C:\Windows\system32\rsaenh.dll
0x00007ffbb32f0000 - 0x00007ffbb3318000 	C:\Windows\SYSTEM32\USERENV.dll
0x00007ffbb3470000 - 0x00007ffbb347c000 	C:\Windows\SYSTEM32\CRYPTBASE.dll
0x00007ffbb2830000 - 0x00007ffbb285d000 	C:\Windows\SYSTEM32\IPHLPAPI.DLL
0x00007ffbb5c90000 - 0x00007ffbb5c99000 	C:\Windows\System32\NSI.dll
0x00007ffbaf700000 - 0x00007ffbaf719000 	C:\Windows\SYSTEM32\dhcpcsvc6.DLL
0x00007ffbaf6e0000 - 0x00007ffbaf6ff000 	C:\Windows\SYSTEM32\dhcpcsvc.DLL
0x00007ffbb2860000 - 0x00007ffbb2962000 	C:\Windows\SYSTEM32\DNSAPI.dll
0x00007ffb2bf30000 - 0x00007ffb2bf79000 	C:\Users\leomuch\AppData\Local\Temp\jna-63567651\jna4098753204286856709.dll
0x00007ffb95bd0000 - 0x00007ffb95bde000 	C:\Users\leomuch\.vscode\extensions\redhat.java-1.37.0-win32-x64\jre\17.0.13-win32-x86_64\bin\sunmscapi.dll
0x00007ffbb42d0000 - 0x00007ffbb4436000 	C:\Windows\System32\CRYPT32.dll
0x00007ffbb3680000 - 0x00007ffbb36ad000 	C:\Windows\SYSTEM32\ncrypt.dll
0x00007ffbb3640000 - 0x00007ffbb3677000 	C:\Windows\SYSTEM32\NTASN1.dll
0x00007ffbaf620000 - 0x00007ffbaf62a000 	C:\Windows\System32\rasadhlp.dll
0x00007ffbae4d0000 - 0x00007ffbae553000 	C:\Windows\System32\fwpuclnt.dll
0x00007ffb95bc0000 - 0x00007ffb95bc9000 	C:\Users\leomuch\.vscode\extensions\redhat.java-1.37.0-win32-x64\jre\17.0.13-win32-x86_64\bin\extnet.dll
0x00007ffb4fb90000 - 0x00007ffb4fbb7000 	C:\Users\leomuch\.gradle\native\68d5fa5c4cc2d200863cafc0d521ce42e7d3e7ee720ec0a83991735586a16f82\windows-amd64\native-platform.dll

dbghelp: loaded successfully - version: 4.0.5 - missing functions: none
symbol engine: initialized successfully - sym options: 0x614 - pdb path: .;c:\Users\leomuch\.vscode\extensions\redhat.java-1.37.0-win32-x64\jre\17.0.13-win32-x86_64\bin;C:\Windows\SYSTEM32;C:\Windows\WinSxS\amd64_microsoft.windows.common-controls_6595b64144ccf1df_6.0.22621.4541_none_2710d1c57384c085;c:\Users\leomuch\.vscode\extensions\redhat.java-1.37.0-win32-x64\jre\17.0.13-win32-x86_64\bin\server;C:\Users\leomuch\AppData\Roaming\Code\User\globalStorage\redhat.java\1.37.0\config_win\org.eclipse.equinox.launcher\org.eclipse.equinox.launcher.win32.win32.x86_64_1.2.1100.v20240722-2106;C:\Users\leomuch\AppData\Local\Temp\jna-63567651;C:\Users\leomuch\.gradle\native\68d5fa5c4cc2d200863cafc0d521ce42e7d3e7ee720ec0a83991735586a16f82\windows-amd64

VM Arguments:
jvm_args: --add-modules=ALL-SYSTEM --add-opens=java.base/java.util=ALL-UNNAMED --add-opens=java.base/java.lang=ALL-UNNAMED --add-opens=java.base/sun.nio.fs=ALL-UNNAMED -Declipse.application=org.eclipse.jdt.ls.core.id1 -Dosgi.bundles.defaultStartLevel=4 -Declipse.product=org.eclipse.jdt.ls.core.product -Djava.import.generatesMetadataFilesAtProjectRoot=false -DDetectVMInstallationsJob.disabled=true -Dfile.encoding=utf8 -XX:+UseParallelGC -XX:GCTimeRatio=4 -XX:AdaptiveSizePolicyWeight=90 -Dsun.zip.disableMemoryMapping=true -Xmx1G -Xms100m -Xlog:disable -javaagent:c:\Users\leomuch\.vscode\extensions\redhat.java-1.37.0-win32-x64\lombok\lombok-1.18.34.jar -XX:+HeapDumpOnOutOfMemoryError -XX:HeapDumpPath=c:\Users\leomuch\AppData\Roaming\Code\User\workspaceStorage\36876748ff2aba7054f9c727af998e98\redhat.java -Daether.dependencyCollector.impl=bf 
java_command: c:\Users\leomuch\.vscode\extensions\redhat.java-1.37.0-win32-x64\server\plugins\org.eclipse.equinox.launcher_1.6.900.v20240613-2009.jar -configuration c:\Users\leomuch\AppData\Roaming\Code\User\globalStorage\redhat.java\1.37.0\config_win -data c:\Users\leomuch\AppData\Roaming\Code\User\workspaceStorage\36876748ff2aba7054f9c727af998e98\redhat.java\jdt_ws --pipe=\\.\pipe\lsp-36efbf725de454c05d57a67150e5cb63-sock
java_class_path (initial): c:\Users\leomuch\.vscode\extensions\redhat.java-1.37.0-win32-x64\server\plugins\org.eclipse.equinox.launcher_1.6.900.v20240613-2009.jar
Launcher Type: SUN_STANDARD

[Global flags]
    uintx AdaptiveSizePolicyWeight                 = 90                                        {product} {command line}
     intx CICompilerCount                          = 12                                        {product} {ergonomic}
    uintx GCTimeRatio                              = 4                                         {product} {command line}
     bool HeapDumpOnOutOfMemoryError               = true                                   {manageable} {command line}
    ccstr HeapDumpPath                             = c:\Users\leomuch\AppData\Roaming\Code\User\workspaceStorage\36876748ff2aba7054f9c727af998e98\redhat.java         {manageable} {command line}
   size_t InitialHeapSize                          = 104857600                                 {product} {command line}
   size_t MaxHeapSize                              = 1073741824                                {product} {command line}
   size_t MaxNewSize                               = 357564416                                 {product} {ergonomic}
   size_t MinHeapDeltaBytes                        = 524288                                    {product} {ergonomic}
   size_t MinHeapSize                              = 104857600                                 {product} {command line}
   size_t NewSize                                  = 34603008                                  {product} {ergonomic}
    uintx NonNMethodCodeHeapSize                   = 7602480                                {pd product} {ergonomic}
    uintx NonProfiledCodeHeapSize                  = 122027880                              {pd product} {ergonomic}
   size_t OldSize                                  = 70254592                                  {product} {ergonomic}
    uintx ProfiledCodeHeapSize                     = 122027880                              {pd product} {ergonomic}
    uintx ReservedCodeCacheSize                    = 251658240                              {pd product} {ergonomic}
     bool SegmentedCodeCache                       = true                                      {product} {ergonomic}
   size_t SoftMaxHeapSize                          = 1073741824                             {manageable} {ergonomic}
     bool UseCompressedClassPointers               = true                           {product lp64_product} {ergonomic}
     bool UseCompressedOops                        = true                           {product lp64_product} {ergonomic}
     bool UseLargePagesIndividualAllocation        = false                                  {pd product} {ergonomic}
     bool UseParallelGC                            = true                                      {product} {command line}

Logging:
Log output configuration:
 #0: stdout all=off uptime,level,tags
 #1: stderr all=off uptime,level,tags

Environment Variables:
PATH=C:\Users\leomuch\miniconda3;C:\Users\leomuch\miniconda3\Library\mingw-w64\bin;C:\Users\leomuch\miniconda3\Library\usr\bin;C:\Users\leomuch\miniconda3\Library\bin;C:\Users\leomuch\miniconda3\Scripts;C:\Users\leomuch\miniconda3\bin;C:\Users\leomuch\miniconda3\condabin;C:\Python312\Scripts;C:\Python312;D:\jdk\jdk-22.0.1\bin;D:\Java\bin;C:\Program Files\Common Files\Oracle\Java\javapath;C:\Windows\system32;C:\Windows;C:\Windows\System32\Wbem;C:\Windows\System32\WindowsPowerShell\v1.0;C:\Windows\System32\OpenSSH;C:\Program Files (x86)\Microsoft ASP.NET\ASP.NET Web Pages\v1.0;C:\Program Files\Microsoft SQL Server\110\Tools\Binn;C:\Program Files\Microsoft\Web Platform Installer;D:\openjfx-22.0.1_windows-x64_bin-sdk\javafx-sdk-22.0.1\bin;C:\ngrok;C:\Program Files\dotnet;C:\Program Files\Git\cmd;C:\src\flutter_windows_3.24.3-stable\flutter\bin;C:\Program Files\nodejs;C:\ProgramData\chocolatey\bin;C:\Users\leomuch\miniconda3;C:\Users\leomuch\miniconda3\Scripts;D:\Desktop\processing-4.3-windows-x64\processing-4.3;C:\Users\leomuch\miniconda3;D:\jdk\jdk-22.0.1\bin;C:\Users\leomuch\AppData\Local\Programs\Python\Python310\Scripts;C:\Users\leomuch\AppData\Local\Programs\Python\Python310;D:\Java\bin;C:\Program Files\Common Files\Oracle\Java\javapath;C:\Windows\system32;C:\Windows;C:\Windows\System32\Wbem;C:\Windows\System32\WindowsPowerShell\v1.0;C:\Windows\System32\OpenSSH;C:\Program Files (x86)\Microsoft ASP.NET\ASP.NET Web Pages\v1.0;C:\Program Files (x86)\Windows Kits\8.0\Windows Performance Toolkit;C:\Program Files\Microsoft SQL Server\110\Tools\Binn;C:\Program Files\Microsoft\Web Platform Installer;C:\ngrok;C:\Program Files\Cloudflare\Cloudflare WARP;C:\Program Files\Git\cmd;C:\Users\leomuch\AppData\Local\Microsoft\WindowsApps;D:\Microsoft VS Code\bin;D:\apache-maven-3.9.7\bin;D:\Desktop\platform-tools-latest-windows\platform-tools;D:\Desktop\scrcpy-win64-v2.6.1\scrcpy-win64-v2.6.1;C:\src\flutter_windows_3.24.3-stable\flutter\bin;C:\Users\leomuch\AppData\Roaming\npm;C:\Users
USERNAME=leomuch
OS=Windows_NT
PROCESSOR_IDENTIFIER=AMD64 Family 25 Model 80 Stepping 0, AuthenticAMD
TMP=C:\Users\leomuch\AppData\Local\Temp
TEMP=C:\Users\leomuch\AppData\Local\Temp



Periodic native trim disabled


---------------  S Y S T E M  ---------------

OS:
 Windows 11 , 64 bit Build 22621 (10.0.22621.4391)
OS uptime: 10 days 7:33 hours
Hyper-V role detected

CPU: total 16 (initial active 16) (16 cores per cpu, 2 threads per core) family 25 model 80 stepping 0 microcode 0x0, cx8, cmov, fxsr, ht, mmx, 3dnowpref, sse, sse2, sse3, ssse3, sse4a, sse4.1, sse4.2, popcnt, lzcnt, tsc, tscinvbit, avx, avx2, aes, erms, clmul, bmi1, bmi2, adx, sha, fma, vzeroupper, clflush, clflushopt, hv
Processor Information for all 16 processors :
  Max Mhz: 3201, Current Mhz: 3201, Mhz Limit: 3201

Memory: 4k page, system-wide physical 15773M (1949M free)
TotalPageFile size 38869M (AvailPageFile size 16M)
current process WorkingSet (physical memory assigned to process): 222M, peak: 242M
current process commit charge ("private bytes"): 313M, peak: 334M

vm_info: OpenJDK 64-Bit Server VM (17.0.13+11) for windows-amd64 JRE (17.0.13+11), built on Oct 16 2024 00:10:08 by "admin" with MS VC++ 17.7 (VS2022)

END.
